Flow report for MainController
Tue Jul 03 15:02:16 2012
Quartus II Version 7.2 Build 151 09/26/2007 SJ Web Edition


---------------------
; Table of Contents ;
---------------------
  1. Legal Notice
  2. Flow Summary
  3. Flow Settings
  4. Flow Non-Default Global Settings
  5. Flow Elapsed Time
  6. Flow Log



----------------
; Legal Notice ;
----------------
Copyright (C) 1991-2007 Altera Corporation
Your use of Altera Corporation's design tools, logic functions 
and other software and tools, and its AMPP partner logic 
functions, and any output files from any of the foregoing 
(including device programming or simulation files), and any 
associated documentation or information are expressly subject 
to the terms and conditions of the Altera Program License 
Subscription Agreement, Altera MegaCore Function License 
Agreement, or other applicable license agreement, including, 
without limitation, that your use is for the sole purpose of 
programming logic devices manufactured by Altera and sold by 
Altera or its authorized distributors.  Please refer to the 
applicable agreement for further details.



+------------------------------------------------------------------------------+
; Flow Summary                                                                 ;
+------------------------------------+-----------------------------------------+
; Flow Status                        ; Successful - Tue Jul 03 15:02:16 2012   ;
; Quartus II Version                 ; 7.2 Build 151 09/26/2007 SJ Web Edition ;
; Revision Name                      ; MainController                          ;
; Top-level Entity Name              ; MainController                          ;
; Family                             ; Cyclone II                              ;
; Met timing requirements            ; No                                      ;
; Total logic elements               ; 1,019 / 14,448 ( 7 % )                  ;
;     Total combinational functions  ; 1,019 / 14,448 ( 7 % )                  ;
;     Dedicated logic registers      ; 296 / 14,448 ( 2 % )                    ;
; Total registers                    ; 296                                     ;
; Total pins                         ; 179 / 315 ( 57 % )                      ;
; Total virtual pins                 ; 0                                       ;
; Total memory bits                  ; 0 / 239,616 ( 0 % )                     ;
; Embedded Multiplier 9-bit elements ; 8 / 52 ( 15 % )                         ;
; Total PLLs                         ; 0 / 4 ( 0 % )                           ;
; Device                             ; EP2C15AF484C6                           ;
; Timing Models                      ; Final                                   ;
+------------------------------------+-----------------------------------------+


+-----------------------------------------+
; Flow Settings                           ;
+-------------------+---------------------+
; Option            ; Setting             ;
+-------------------+---------------------+
; Start date & time ; 07/03/2012 15:01:08 ;
; Main task         ; Compilation         ;
; Revision Name     ; MainController      ;
+-------------------+---------------------+


+-----------------------------------------------------------------------------------------+
; Flow Non-Default Global Settings                                                        ;
+------------------------------------+---------+---------------+-------------+------------+
; Assignment Name                    ; Value   ; Default Value ; Entity Name ; Section Id ;
+------------------------------------+---------+---------------+-------------+------------+
; PARTITION_COLOR                    ; 2147039 ; --            ; --          ; Top        ;
; PARTITION_NETLIST_TYPE             ; SOURCE  ; --            ; --          ; Top        ;
; USE_GENERATED_PHYSICAL_CONSTRAINTS ; Off     ; --            ; --          ; eda_palace ;
+------------------------------------+---------+---------------+-------------+------------+


+------------------------------------------------------------------+
; Flow Elapsed Time                                                ;
+-------------------------+--------------+-------------------------+
; Module Name             ; Elapsed Time ; Average Processors Used ;
+-------------------------+--------------+-------------------------+
; Analysis & Synthesis    ; 00:00:53     ; 1.0                     ;
; Fitter                  ; 00:00:08     ; 1.0                     ;
; Assembler               ; 00:00:04     ; 1.0                     ;
; Classic Timing Analyzer ; 00:00:00     ; 1.0                     ;
; Total                   ; 00:01:05     ; --                      ;
+-------------------------+--------------+-------------------------+


------------
; Flow Log ;
------------
quartus_map --read_settings_files=on --write_settings_files=off quartus -c MainController
quartus_fit --read_settings_files=off --write_settings_files=off quartus -c MainController
quartus_asm --read_settings_files=off --write_settings_files=off quartus -c MainController
quartus_tan --read_settings_files=off --write_settings_files=off quartus -c MainController --timing_analysis_only



