Analysis & Synthesis report for MAC_signed
Wed Aug 22 09:12:20 2012
Quartus II Version 7.2 Build 151 09/26/2007 SJ Web Edition


---------------------
; Table of Contents ;
---------------------
  1. Legal Notice
  2. Analysis & Synthesis Summary
  3. Analysis & Synthesis Settings
  4. Analysis & Synthesis Source Files Read
  5. Analysis & Synthesis Resource Usage Summary
  6. Analysis & Synthesis Resource Utilization by Entity
  7. Analysis & Synthesis DSP Block Usage Summary
  8. General Register Statistics
  9. Parameter Settings for Inferred Entity Instance: lpm_mult:Mult0
 10. lpm_mult Parameter Settings by Entity Instance
 11. Analysis & Synthesis Messages



----------------
; Legal Notice ;
----------------
Copyright (C) 1991-2007 Altera Corporation
Your use of Altera Corporation's design tools, logic functions 
and other software and tools, and its AMPP partner logic 
functions, and any output files from any of the foregoing 
(including device programming or simulation files), and any 
associated documentation or information are expressly subject 
to the terms and conditions of the Altera Program License 
Subscription Agreement, Altera MegaCore Function License 
Agreement, or other applicable license agreement, including, 
without limitation, that your use is for the sole purpose of 
programming logic devices manufactured by Altera and sold by 
Altera or its authorized distributors.  Please refer to the 
applicable agreement for further details.



+------------------------------------------------------------------------------+
; Analysis & Synthesis Summary                                                 ;
+------------------------------------+-----------------------------------------+
; Analysis & Synthesis Status        ; Successful - Wed Aug 22 09:12:20 2012   ;
; Quartus II Version                 ; 7.2 Build 151 09/26/2007 SJ Web Edition ;
; Revision Name                      ; MAC_signed                              ;
; Top-level Entity Name              ; MAC_signed                              ;
; Family                             ; Cyclone II                              ;
; Total logic elements               ; 44                                      ;
;     Total combinational functions  ; 44                                      ;
;     Dedicated logic registers      ; 28                                      ;
; Total registers                    ; 28                                      ;
; Total pins                         ; 29                                      ;
; Total virtual pins                 ; 0                                       ;
; Total memory bits                  ; 0                                       ;
; Embedded Multiplier 9-bit elements ; 1                                       ;
; Total PLLs                         ; 0                                       ;
+------------------------------------+-----------------------------------------+


+--------------------------------------------------------------------------------------------------------------------------+
; Analysis & Synthesis Settings                                                                                            ;
+--------------------------------------------------------------------------------+--------------------+--------------------+
; Option                                                                         ; Setting            ; Default Value      ;
+--------------------------------------------------------------------------------+--------------------+--------------------+
; Device                                                                         ; EP2C35F672C6       ;                    ;
; Top-level entity name                                                          ; MAC_signed         ; MAC_signed         ;
; Family name                                                                    ; Cyclone II         ; Stratix II         ;
; Use Generated Physical Constraints File                                        ; Off                ;                    ;
; Use smart compilation                                                          ; Off                ; Off                ;
; Maximum processors allowed for parallel compilation                            ; 1                  ; 1                  ;
; Restructure Multiplexers                                                       ; Auto               ; Auto               ;
; Create Debugging Nodes for IP Cores                                            ; Off                ; Off                ;
; Preserve fewer node names                                                      ; On                 ; On                 ;
; Disable OpenCore Plus hardware evaluation                                      ; Off                ; Off                ;
; Verilog Version                                                                ; Verilog_2001       ; Verilog_2001       ;
; VHDL Version                                                                   ; VHDL93             ; VHDL93             ;
; State Machine Processing                                                       ; Auto               ; Auto               ;
; Safe State Machine                                                             ; Off                ; Off                ;
; Extract Verilog State Machines                                                 ; On                 ; On                 ;
; Extract VHDL State Machines                                                    ; On                 ; On                 ;
; Ignore Verilog initial constructs                                              ; Off                ; Off                ;
; Add Pass-Through Logic to Inferred RAMs                                        ; On                 ; On                 ;
; Parallel Synthesis                                                             ; Off                ; Off                ;
; DSP Block Balancing                                                            ; Auto               ; Auto               ;
; NOT Gate Push-Back                                                             ; On                 ; On                 ;
; Power-Up Don't Care                                                            ; On                 ; On                 ;
; Remove Redundant Logic Cells                                                   ; Off                ; Off                ;
; Remove Duplicate Registers                                                     ; On                 ; On                 ;
; Ignore CARRY Buffers                                                           ; Off                ; Off                ;
; Ignore CASCADE Buffers                                                         ; Off                ; Off                ;
; Ignore GLOBAL Buffers                                                          ; Off                ; Off                ;
; Ignore ROW GLOBAL Buffers                                                      ; Off                ; Off                ;
; Ignore LCELL Buffers                                                           ; Off                ; Off                ;
; Ignore SOFT Buffers                                                            ; On                 ; On                 ;
; Limit AHDL Integers to 32 Bits                                                 ; Off                ; Off                ;
; Optimization Technique -- Cyclone II/Cyclone III                               ; Balanced           ; Balanced           ;
; Carry Chain Length -- Stratix/Stratix GX/Cyclone/MAX II/Cyclone II/Cyclone III ; 70                 ; 70                 ;
; Auto Carry Chains                                                              ; On                 ; On                 ;
; Auto Open-Drain Pins                                                           ; On                 ; On                 ;
; Perform WYSIWYG Primitive Resynthesis                                          ; Off                ; Off                ;
; Perform gate-level register retiming                                           ; Off                ; Off                ;
; Allow register retiming to trade off Tsu/Tco with Fmax                         ; On                 ; On                 ;
; Auto ROM Replacement                                                           ; On                 ; On                 ;
; Auto RAM Replacement                                                           ; On                 ; On                 ;
; Auto Shift Register Replacement                                                ; Auto               ; Auto               ;
; Auto Clock Enable Replacement                                                  ; On                 ; On                 ;
; Allow Synchronous Control Signals                                              ; On                 ; On                 ;
; Force Use of Synchronous Clear Signals                                         ; Off                ; Off                ;
; Auto RAM to Logic Cell Conversion                                              ; Off                ; Off                ;
; Auto Resource Sharing                                                          ; Off                ; Off                ;
; Allow Any RAM Size For Recognition                                             ; Off                ; Off                ;
; Allow Any ROM Size For Recognition                                             ; Off                ; Off                ;
; Allow Any Shift Register Size For Recognition                                  ; Off                ; Off                ;
; Ignore translate_off and synthesis_off directives                              ; Off                ; Off                ;
; Show Parameter Settings Tables in Synthesis Report                             ; On                 ; On                 ;
; Ignore Maximum Fan-Out Assignments                                             ; Off                ; Off                ;
; Retiming Meta-Stability Register Sequence Length                               ; 2                  ; 2                  ;
; PowerPlay Power Optimization                                                   ; Normal compilation ; Normal compilation ;
; HDL message level                                                              ; Level2             ; Level2             ;
; Suppress Register Optimization Related Messages                                ; Off                ; Off                ;
; Number of Removed Registers Reported in Synthesis Report                       ; 100                ; 100                ;
; Clock MUX Protection                                                           ; On                 ; On                 ;
; Block Design Naming                                                            ; Auto               ; Auto               ;
+--------------------------------------------------------------------------------+--------------------+--------------------+


+-----------------------------------------------------------------------------------------------------------------------------------------------------------------------------------------------+
; Analysis & Synthesis Source Files Read                                                                                                                                                        ;
+----------------------------------+-----------------+------------------------------+-----------------------------------------------------------------------------------------------------------+
; File Name with User-Entered Path ; Used in Netlist ; File Type                    ; File Name with Absolute Path                                                                              ;
+----------------------------------+-----------------+------------------------------+-----------------------------------------------------------------------------------------------------------+
; ../../vhdl/MAC_signed.vhd        ; yes             ; User VHDL File               ; D:/Faculdade/IC_VHDL/Developments/Prewitt_Filter_VHDL/PrewittVHDL_1.0/vhdl/MAC_signed.vhd                 ;
; lpm_mult.tdf                     ; yes             ; Megafunction                 ; c:/altera/72/quartus/libraries/megafunctions/lpm_mult.tdf                                                 ;
; aglobal72.inc                    ; yes             ; Megafunction                 ; c:/altera/72/quartus/libraries/megafunctions/aglobal72.inc                                                ;
; lpm_add_sub.inc                  ; yes             ; Megafunction                 ; c:/altera/72/quartus/libraries/megafunctions/lpm_add_sub.inc                                              ;
; multcore.inc                     ; yes             ; Megafunction                 ; c:/altera/72/quartus/libraries/megafunctions/multcore.inc                                                 ;
; bypassff.inc                     ; yes             ; Megafunction                 ; c:/altera/72/quartus/libraries/megafunctions/bypassff.inc                                                 ;
; altshift.inc                     ; yes             ; Megafunction                 ; c:/altera/72/quartus/libraries/megafunctions/altshift.inc                                                 ;
; db/mult_1l01.tdf                 ; yes             ; Auto-Generated Megafunction  ; D:/Faculdade/IC_VHDL/Developments/Prewitt_Filter_VHDL/PrewittVHDL_1.0/quartus/MAC_signed/db/mult_1l01.tdf ;
+----------------------------------+-----------------+------------------------------+-----------------------------------------------------------------------------------------------------------+


+---------------------------------------------------------+
; Analysis & Synthesis Resource Usage Summary             ;
+---------------------------------------------+-----------+
; Resource                                    ; Usage     ;
+---------------------------------------------+-----------+
; Estimated Total logic elements              ; 44        ;
;                                             ;           ;
; Total combinational functions               ; 44        ;
; Logic element usage by number of LUT inputs ;           ;
;     -- 4 input functions                    ; 0         ;
;     -- 3 input functions                    ; 15        ;
;     -- <=2 input functions                  ; 29        ;
;                                             ;           ;
; Logic elements by mode                      ;           ;
;     -- normal mode                          ; 29        ;
;     -- arithmetic mode                      ; 15        ;
;                                             ;           ;
; Total registers                             ; 28        ;
;     -- Dedicated logic registers            ; 28        ;
;     -- I/O registers                        ; 0         ;
;                                             ;           ;
; I/O pins                                    ; 29        ;
; Embedded Multiplier 9-bit elements          ; 1         ;
; Maximum fan-out node                        ; sload_reg ;
; Maximum fan-out                             ; 28        ;
; Total fan-out                               ; 187       ;
; Average fan-out                             ; 1.82      ;
+---------------------------------------------+-----------+


+-------------------------------------------------------------------------------------------------------------------------------------------------------------------------------------------------------------------+
; Analysis & Synthesis Resource Utilization by Entity                                                                                                                                                               ;
+----------------------------------+-------------------+--------------+-------------+--------------+---------+-----------+------+--------------+-----------------------------------------------------+--------------+
; Compilation Hierarchy Node       ; LC Combinationals ; LC Registers ; Memory Bits ; DSP Elements ; DSP 9x9 ; DSP 18x18 ; Pins ; Virtual Pins ; Full Hierarchy Name                                 ; Library Name ;
+----------------------------------+-------------------+--------------+-------------+--------------+---------+-----------+------+--------------+-----------------------------------------------------+--------------+
; |MAC_signed                      ; 44 (44)           ; 28 (28)      ; 0           ; 1            ; 1       ; 0         ; 29   ; 0            ; |MAC_signed                                         ; work         ;
;    |lpm_mult:Mult0|              ; 0 (0)             ; 0 (0)        ; 0           ; 1            ; 1       ; 0         ; 0    ; 0            ; |MAC_signed|lpm_mult:Mult0                          ; work         ;
;       |mult_1l01:auto_generated| ; 0 (0)             ; 0 (0)        ; 0           ; 1            ; 1       ; 0         ; 0    ; 0            ; |MAC_signed|lpm_mult:Mult0|mult_1l01:auto_generated ; work         ;
+----------------------------------+-------------------+--------------+-------------+--------------+---------+-----------+------+--------------+-----------------------------------------------------+--------------+
Note: For table entries with two numbers listed, the numbers in parentheses indicate the number of resources of the given type used by the specific entity alone. The numbers listed outside of parentheses indicate the total resources of the given type used by the specific entity and all of its sub-entities in the hierarchy.


+-----------------------------------------------------+
; Analysis & Synthesis DSP Block Usage Summary        ;
+---------------------------------------+-------------+
; Statistic                             ; Number Used ;
+---------------------------------------+-------------+
; Simple Multipliers (9-bit)            ; 1           ;
; Simple Multipliers (18-bit)           ; 0           ;
; Embedded Multiplier Blocks            ; --          ;
; Embedded Multiplier 9-bit elements    ; 1           ;
; Signed Embedded Multipliers           ; 1           ;
; Unsigned Embedded Multipliers         ; 0           ;
; Mixed Sign Embedded Multipliers       ; 0           ;
; Variable Sign Embedded Multipliers    ; 0           ;
; Dedicated Input Shift Register Chains ; 0           ;
+---------------------------------------+-------------+
Note: number of Embedded Multiplier Blocks used is only available after a successful fit.


+------------------------------------------------------+
; General Register Statistics                          ;
+----------------------------------------------+-------+
; Statistic                                    ; Value ;
+----------------------------------------------+-------+
; Total registers                              ; 28    ;
; Number of registers using Synchronous Clear  ; 0     ;
; Number of registers using Synchronous Load   ; 0     ;
; Number of registers using Asynchronous Clear ; 0     ;
; Number of registers using Asynchronous Load  ; 0     ;
; Number of registers using Clock Enable       ; 0     ;
; Number of registers using Preset             ; 0     ;
+----------------------------------------------+-------+


+-----------------------------------------------------------------------------------+
; Parameter Settings for Inferred Entity Instance: lpm_mult:Mult0                   ;
+------------------------------------------------+------------+---------------------+
; Parameter Name                                 ; Value      ; Type                ;
+------------------------------------------------+------------+---------------------+
; AUTO_CARRY_CHAINS                              ; ON         ; AUTO_CARRY          ;
; IGNORE_CARRY_BUFFERS                           ; OFF        ; IGNORE_CARRY        ;
; AUTO_CASCADE_CHAINS                            ; ON         ; AUTO_CASCADE        ;
; IGNORE_CASCADE_BUFFERS                         ; OFF        ; IGNORE_CASCADE      ;
; LPM_WIDTHA                                     ; 9          ; Untyped             ;
; LPM_WIDTHB                                     ; 3          ; Untyped             ;
; LPM_WIDTHP                                     ; 12         ; Untyped             ;
; LPM_WIDTHR                                     ; 12         ; Untyped             ;
; LPM_WIDTHS                                     ; 1          ; Untyped             ;
; LPM_REPRESENTATION                             ; SIGNED     ; Untyped             ;
; LPM_PIPELINE                                   ; 0          ; Untyped             ;
; LATENCY                                        ; 0          ; Untyped             ;
; INPUT_A_IS_CONSTANT                            ; NO         ; Untyped             ;
; INPUT_B_IS_CONSTANT                            ; NO         ; Untyped             ;
; USE_EAB                                        ; OFF        ; Untyped             ;
; MAXIMIZE_SPEED                                 ; 5          ; Untyped             ;
; DEVICE_FAMILY                                  ; Cyclone II ; Untyped             ;
; CARRY_CHAIN                                    ; MANUAL     ; Untyped             ;
; APEX20K_TECHNOLOGY_MAPPER                      ; LUT        ; TECH_MAPPER_APEX20K ;
; DEDICATED_MULTIPLIER_CIRCUITRY                 ; AUTO       ; Untyped             ;
; DEDICATED_MULTIPLIER_MIN_INPUT_WIDTH_FOR_AUTO  ; 0          ; Untyped             ;
; DEDICATED_MULTIPLIER_MIN_OUTPUT_WIDTH_FOR_AUTO ; 0          ; Untyped             ;
; CBXI_PARAMETER                                 ; mult_1l01  ; Untyped             ;
; INPUT_A_FIXED_VALUE                            ; Bx         ; Untyped             ;
; INPUT_B_FIXED_VALUE                            ; Bx         ; Untyped             ;
; USE_AHDL_IMPLEMENTATION                        ; OFF        ; Untyped             ;
+------------------------------------------------+------------+---------------------+
Note: In order to hide this table in the UI and the text report file, please set the "Show Parameter Settings Tables in Synthesis Report" option in "Analysis and Synthesis Settings -> More Settings" to "Off".


+--------------------------------------------------------+
; lpm_mult Parameter Settings by Entity Instance         ;
+---------------------------------------+----------------+
; Name                                  ; Value          ;
+---------------------------------------+----------------+
; Number of entity instances            ; 1              ;
; Entity Instance                       ; lpm_mult:Mult0 ;
;     -- LPM_WIDTHA                     ; 9              ;
;     -- LPM_WIDTHB                     ; 3              ;
;     -- LPM_WIDTHP                     ; 12             ;
;     -- LPM_REPRESENTATION             ; SIGNED         ;
;     -- INPUT_A_IS_CONSTANT            ; NO             ;
;     -- INPUT_B_IS_CONSTANT            ; NO             ;
;     -- USE_EAB                        ; OFF            ;
;     -- DEDICATED_MULTIPLIER_CIRCUITRY ; AUTO           ;
;     -- INPUT_A_FIXED_VALUE            ; Bx             ;
;     -- INPUT_B_FIXED_VALUE            ; Bx             ;
+---------------------------------------+----------------+


+-------------------------------+
; Analysis & Synthesis Messages ;
+-------------------------------+
Info: *******************************************************************
Info: Running Quartus II Analysis & Synthesis
    Info: Version 7.2 Build 151 09/26/2007 SJ Web Edition
    Info: Processing started: Wed Aug 22 09:12:16 2012
Info: Command: quartus_map --read_settings_files=on --write_settings_files=off MAC_signed -c MAC_signed
Info: Found 2 design units, including 1 entities, in source file ../../vhdl/MAC_signed.vhd
    Info: Found design unit 1: MAC_signed-rtl
    Info: Found entity 1: MAC_signed
Info: Elaborating entity "MAC_signed" for the top level hierarchy
Info: Inferred 1 megafunctions from design logic
    Info: Inferred multiplier megafunction ("lpm_mult") from the following logic: "Mult0"
Info: Found 1 design units, including 1 entities, in source file c:/altera/72/quartus/libraries/megafunctions/lpm_mult.tdf
    Info: Found entity 1: lpm_mult
Info: Elaborated megafunction instantiation "lpm_mult:Mult0"
Info: Found 1 design units, including 1 entities, in source file db/mult_1l01.tdf
    Info: Found entity 1: mult_1l01
Info: Implemented 86 device resources after synthesis - the final resource count might be different
    Info: Implemented 13 input pins
    Info: Implemented 16 output pins
    Info: Implemented 56 logic cells
    Info: Implemented 1 DSP elements
Info: Quartus II Analysis & Synthesis was successful. 0 errors, 0 warnings
    Info: Allocated 205 megabytes of memory during processing
    Info: Processing ended: Wed Aug 22 09:12:21 2012
    Info: Elapsed time: 00:00:05


